<?xml version="1.0" encoding="UTF-8"?>
<!-- Generated by org.testng.reporters.JUnitXMLReporter -->
<testsuite ignored="7" hostname="DESKTOP-A7GO9P6" failures="0" tests="2" name="Default test" time="4.948" errors="0" timestamp="2025-01-03T12:47:41 EET">
  <testcase classname="standarduser.mainTestCases" name="Login" time="0.491"/>
  <testcase classname="standarduser.mainTestCases" name="AddRandomItems" time="3.282"/>
  <testcase classname="standarduser.mainTestCases" name="RemoveItemFromCart" time="0.0">
    <ignored/>
  </testcase> <!-- RemoveItemFromCart -->
  <testcase classname="standarduser.mainTestCases" name="AddCertainNumberOfItems" time="0.0">
    <ignored/>
  </testcase> <!-- AddCertainNumberOfItems -->
  <testcase classname="standarduser.mainTestCases" name="SkipOnCertainItem" time="0.0">
    <ignored/>
  </testcase> <!-- SkipOnCertainItem -->
  <testcase classname="standarduser.mainTestCases" name="Logout" time="0.0">
    <ignored/>
  </testcase> <!-- Logout -->
  <testcase classname="standarduser.mainTestCases" name="CheckOutProcess" time="0.0">
    <ignored/>
  </testcase> <!-- CheckOutProcess -->
  <testcase classname="standarduser.mainTestCases" name="AddItemsThatStartWithSauce" time="0.0">
    <ignored/>
  </testcase> <!-- AddItemsThatStartWithSauce -->
  <testcase classname="standarduser.mainTestCases" name="AddItemToCart" time="0.0">
    <ignored/>
  </testcase> <!-- AddItemToCart -->
</testsuite> <!-- Default test -->
