<?xml version="1.0" encoding="UTF-8"?>
<testng-results ignored="7" total="9" passed="2" failed="0" skipped="0">
  <reporter-output>
  </reporter-output>
  <suite started-at="2025-01-03T12:47:36 EET" name="Default suite" finished-at="2025-01-03T12:47:41 EET" duration-ms="4948">
    <groups>
    </groups>
    <test started-at="2025-01-03T12:47:36 EET" name="Default test" finished-at="2025-01-03T12:47:41 EET" duration-ms="4948">
      <class name="standarduser.mainTestCases">
        <test-method is-config="true" signature="MySetup()[pri:0, instance:standarduser.mainTestCases@6ad59d92]" started-at="2025-01-03T12:47:36 EET" name="MySetup" finished-at="2025-01-03T12:47:37 EET" duration-ms="1083" status="PASS">
          <reporter-output>
          </reporter-output>
        </test-method> <!-- MySetup -->
        <test-method signature="Login()[pri:1, instance:standarduser.mainTestCases@6ad59d92]" started-at="2025-01-03T12:47:37 EET" name="Login" finished-at="2025-01-03T12:47:38 EET" duration-ms="491" status="PASS">
          <reporter-output>
          </reporter-output>
        </test-method> <!-- Login -->
        <test-method signature="AddRandomItems()[pri:3, instance:standarduser.mainTestCases@6ad59d92]" started-at="2025-01-03T12:47:38 EET" name="AddRandomItems" finished-at="2025-01-03T12:47:41 EET" duration-ms="3282" status="PASS">
          <reporter-output>
          </reporter-output>
        </test-method> <!-- AddRandomItems -->
      </class> <!-- standarduser.mainTestCases -->
    </test> <!-- Default test -->
  </suite> <!-- Default suite -->
</testng-results>
